<?xml version="1.0" encoding="UTF-8"?>
<!-- Generated by org.testng.reporters.JUnitReportReporter -->
<testsuite hostname="Karthik-Priya" failures="0" tests="1" name="com.aiite.testng.TestNgDemo" time="9.409" errors="0" timestamp="2023-12-22T09:18:48 IST" skipped="0">
  <testcase classname="com.aiite.testng.TestNgDemo" name="googleSearch" time="9.409"/>
</testsuite> <!-- com.aiite.testng.TestNgDemo -->
